mode: set
github.com/tidepool-org/go-common/asyncevents/sarama.go:22.84,29.2 1 1
github.com/tidepool-org/go-common/asyncevents/sarama.go:35.74,38.6 2 1
github.com/tidepool-org/go-common/asyncevents/sarama.go:38.6,40.17 2 1
github.com/tidepool-org/go-common/asyncevents/sarama.go:40.17,42.4 1 1
github.com/tidepool-org/go-common/asyncevents/sarama.go:43.3,43.41 1 1
github.com/tidepool-org/go-common/asyncevents/sarama.go:43.41,45.4 1 1
github.com/tidepool-org/go-common/asyncevents/sarama.go:51.35,52.53 1 1
github.com/tidepool-org/go-common/asyncevents/sarama.go:52.53,54.3 1 1
github.com/tidepool-org/go-common/asyncevents/sarama.go:63.119,64.18 1 1
github.com/tidepool-org/go-common/asyncevents/sarama.go:64.18,66.3 1 1
github.com/tidepool-org/go-common/asyncevents/sarama.go:67.2,70.3 1 1
github.com/tidepool-org/go-common/asyncevents/sarama.go:80.81,80.95 1 0
github.com/tidepool-org/go-common/asyncevents/sarama.go:83.83,83.97 1 0
github.com/tidepool-org/go-common/asyncevents/sarama.go:87.41,89.40 1 1
github.com/tidepool-org/go-common/asyncevents/sarama.go:89.40,90.23 1 1
github.com/tidepool-org/go-common/asyncevents/sarama.go:90.23,94.4 3 1
github.com/tidepool-org/go-common/asyncevents/sarama.go:95.3,95.10 1 1
github.com/tidepool-org/go-common/asyncevents/sarama.go:96.49,97.18 1 1
github.com/tidepool-org/go-common/asyncevents/sarama.go:98.29,99.14 1 1
github.com/tidepool-org/go-common/asyncevents/sarama.go:102.2,102.12 1 1
github.com/tidepool-org/go-common/asyncevents/sarama.go:125.78,129.22 3 1
github.com/tidepool-org/go-common/asyncevents/sarama.go:129.22,131.10 2 1
github.com/tidepool-org/go-common/asyncevents/sarama.go:133.45,134.14 1 1
github.com/tidepool-org/go-common/asyncevents/sarama.go:135.28,136.14 1 0
github.com/tidepool-org/go-common/asyncevents/sarama.go:137.11,140.56 3 1
github.com/tidepool-org/go-common/asyncevents/sarama.go:144.2,144.55 1 1
github.com/tidepool-org/go-common/asyncevents/sarama.go:147.58,149.2 1 1
